# Primaries Generated:e-
# Position (x in mm)	Position (y in mm)	Position (z in mm)	Momentum (x in mm)	Momentum (y in mm)	Momentum (z in mm)	Energy (MeV)	
0			0			0			-0.00586395			-0.00628315			0.999963			35	
# Primaries Generated:e-
# Position (x in mm)	Position (y in mm)	Position (z in mm)	Momentum (x in mm)	Momentum (y in mm)	Momentum (z in mm)	Energy (MeV)	
0			0			0			-0.00602883			-0.00645983			0.999961			35	
# Primaries Generated:e-
# Position (x in mm)	Position (y in mm)	Position (z in mm)	Momentum (x in mm)	Momentum (y in mm)	Momentum (z in mm)	Energy (MeV)	
0			0			0			0.00466121			0.00499443			0.999977			35	
# Primaries Generated:e-
# Position (x in mm)	Position (y in mm)	Position (z in mm)	Momentum (x in mm)	Momentum (y in mm)	Momentum (z in mm)	Energy (MeV)	
0			0			0			0.00126614			0.00135665			0.999998			35	
# Primaries Generated:e-
# Position (x in mm)	Position (y in mm)	Position (z in mm)	Momentum (x in mm)	Momentum (y in mm)	Momentum (z in mm)	Energy (MeV)	
0			0			0			-0.032479			-0.0348008			0.998866			35	
# Primaries Generated:e-
# Position (x in mm)	Position (y in mm)	Position (z in mm)	Momentum (x in mm)	Momentum (y in mm)	Momentum (z in mm)	Energy (MeV)	
0			0			0			-0.0105024			-0.0112532			0.999882			35	
# Primaries Generated:e-
# Position (x in mm)	Position (y in mm)	Position (z in mm)	Momentum (x in mm)	Momentum (y in mm)	Momentum (z in mm)	Energy (MeV)	
0			0			0			0.00576488			0.006177			0.999964			35	
# Primaries Generated:e-
# Position (x in mm)	Position (y in mm)	Position (z in mm)	Momentum (x in mm)	Momentum (y in mm)	Momentum (z in mm)	Energy (MeV)	
0			0			0			0.00680725			0.00729389			0.99995			35	
# Primaries Generated:e-
# Position (x in mm)	Position (y in mm)	Position (z in mm)	Momentum (x in mm)	Momentum (y in mm)	Momentum (z in mm)	Energy (MeV)	
0			0			0			0.0136411			0.0146163			0.9998			35	
# Primaries Generated:e-
# Position (x in mm)	Position (y in mm)	Position (z in mm)	Momentum (x in mm)	Momentum (y in mm)	Momentum (z in mm)	Energy (MeV)	
0			0			0			0.00663809			0.00711264			0.999953			35	
# Primaries Generated:e-
# Position (x in mm)	Position (y in mm)	Position (z in mm)	Momentum (x in mm)	Momentum (y in mm)	Momentum (z in mm)	Energy (MeV)	
0			0			0			-0.0159899			-0.017133			0.999725			35	
# Primaries Generated:e-
# Position (x in mm)	Position (y in mm)	Position (z in mm)	Momentum (x in mm)	Momentum (y in mm)	Momentum (z in mm)	Energy (MeV)	
0			0			0			-0.00043441			-0.000465465			1			35	
# Primaries Generated:e-
# Position (x in mm)	Position (y in mm)	Position (z in mm)	Momentum (x in mm)	Momentum (y in mm)	Momentum (z in mm)	Energy (MeV)	
0			0			0			0.0250072			0.0267949			0.999328			35	
# Primaries Generated:e-
# Position (x in mm)	Position (y in mm)	Position (z in mm)	Momentum (x in mm)	Momentum (y in mm)	Momentum (z in mm)	Energy (MeV)	
0			0			0			-0.00525365			-0.00562922			0.99997			35	
# Primaries Generated:e-
# Position (x in mm)	Position (y in mm)	Position (z in mm)	Momentum (x in mm)	Momentum (y in mm)	Momentum (z in mm)	Energy (MeV)	
0			0			0			0.0270827			0.0290188			0.999212			35	
# Primaries Generated:e-
# Position (x in mm)	Position (y in mm)	Position (z in mm)	Momentum (x in mm)	Momentum (y in mm)	Momentum (z in mm)	Energy (MeV)	
0			0			0			-0.00684478			-0.0073341			0.99995			35	
# Primaries Generated:e-
# Position (x in mm)	Position (y in mm)	Position (z in mm)	Momentum (x in mm)	Momentum (y in mm)	Momentum (z in mm)	Energy (MeV)	
0			0			0			0.0123739			0.0132585			0.999836			35	
# Primaries Generated:e-
# Position (x in mm)	Position (y in mm)	Position (z in mm)	Momentum (x in mm)	Momentum (y in mm)	Momentum (z in mm)	Energy (MeV)	
0			0			0			0.0036009			0.00385832			0.999986			35	
# Primaries Generated:e-
# Position (x in mm)	Position (y in mm)	Position (z in mm)	Momentum (x in mm)	Momentum (y in mm)	Momentum (z in mm)	Energy (MeV)	
0			0			0			0.0203552			0.0218104			0.999555			35	
# Primaries Generated:e-
# Position (x in mm)	Position (y in mm)	Position (z in mm)	Momentum (x in mm)	Momentum (y in mm)	Momentum (z in mm)	Energy (MeV)	
0			0			0			-0.00495821			-0.00531267			0.999974			35	
# Primaries Generated:e-
# Position (x in mm)	Position (y in mm)	Position (z in mm)	Momentum (x in mm)	Momentum (y in mm)	Momentum (z in mm)	Energy (MeV)	
0			0			0			0.00179758			0.00192609			0.999997			35	
# Primaries Generated:e-
# Position (x in mm)	Position (y in mm)	Position (z in mm)	Momentum (x in mm)	Momentum (y in mm)	Momentum (z in mm)	Energy (MeV)	
0			0			0			-0.0175634			-0.018819			0.999669			35	
# Primaries Generated:e-
# Position (x in mm)	Position (y in mm)	Position (z in mm)	Momentum (x in mm)	Momentum (y in mm)	Momentum (z in mm)	Energy (MeV)	
0			0			0			-0.0294202			-0.0315234			0.99907			35	
# Primaries Generated:e-
# Position (x in mm)	Position (y in mm)	Position (z in mm)	Momentum (x in mm)	Momentum (y in mm)	Momentum (z in mm)	Energy (MeV)	
0			0			0			-0.0138094			-0.0147966			0.999795			35	
# Primaries Generated:e-
# Position (x in mm)	Position (y in mm)	Position (z in mm)	Momentum (x in mm)	Momentum (y in mm)	Momentum (z in mm)	Energy (MeV)	
0			0			0			-0.0105038			-0.0112547			0.999881			35	
# Primaries Generated:e-
# Position (x in mm)	Position (y in mm)	Position (z in mm)	Momentum (x in mm)	Momentum (y in mm)	Momentum (z in mm)	Energy (MeV)	
0			0			0			0.0239419			0.0256535			0.999384			35	
# Primaries Generated:e-
# Position (x in mm)	Position (y in mm)	Position (z in mm)	Momentum (x in mm)	Momentum (y in mm)	Momentum (z in mm)	Energy (MeV)	
0			0			0			0.0116007			0.01243			0.999855			35	
# Primaries Generated:e-
# Position (x in mm)	Position (y in mm)	Position (z in mm)	Momentum (x in mm)	Momentum (y in mm)	Momentum (z in mm)	Energy (MeV)	
0			0			0			-0.022391			-0.0239917			0.999461			35	
# Primaries Generated:e-
# Position (x in mm)	Position (y in mm)	Position (z in mm)	Momentum (x in mm)	Momentum (y in mm)	Momentum (z in mm)	Energy (MeV)	
0			0			0			-0.00786249			-0.00842457			0.999934			35	
# Primaries Generated:e-
# Position (x in mm)	Position (y in mm)	Position (z in mm)	Momentum (x in mm)	Momentum (y in mm)	Momentum (z in mm)	Energy (MeV)	
0			0			0			0.0193552			0.0207389			0.999598			35	
# Primaries Generated:e-
# Position (x in mm)	Position (y in mm)	Position (z in mm)	Momentum (x in mm)	Momentum (y in mm)	Momentum (z in mm)	Energy (MeV)	
0			0			0			-0.0105792			-0.0113355			0.99988			35	
# Primaries Generated:e-
# Position (x in mm)	Position (y in mm)	Position (z in mm)	Momentum (x in mm)	Momentum (y in mm)	Momentum (z in mm)	Energy (MeV)	
0			0			0			0.00705014			0.00755414			0.999947			35	
# Primaries Generated:e-
# Position (x in mm)	Position (y in mm)	Position (z in mm)	Momentum (x in mm)	Momentum (y in mm)	Momentum (z in mm)	Energy (MeV)	
0			0			0			0.0289085			0.0309751			0.999102			35	
# Primaries Generated:e-
# Position (x in mm)	Position (y in mm)	Position (z in mm)	Momentum (x in mm)	Momentum (y in mm)	Momentum (z in mm)	Energy (MeV)	
0			0			0			0.00164751			0.00176529			0.999997			35	
# Primaries Generated:e-
# Position (x in mm)	Position (y in mm)	Position (z in mm)	Momentum (x in mm)	Momentum (y in mm)	Momentum (z in mm)	Energy (MeV)	
0			0			0			-0.0240833			-0.0258049			0.999377			35	
# Primaries Generated:e-
# Position (x in mm)	Position (y in mm)	Position (z in mm)	Momentum (x in mm)	Momentum (y in mm)	Momentum (z in mm)	Energy (MeV)	
0			0			0			-0.0164611			-0.0176379			0.999709			35	
# Primaries Generated:e-
# Position (x in mm)	Position (y in mm)	Position (z in mm)	Momentum (x in mm)	Momentum (y in mm)	Momentum (z in mm)	Energy (MeV)	
0			0			0			0.00264296			0.0028319			0.999992			35	
# Primaries Generated:e-
# Position (x in mm)	Position (y in mm)	Position (z in mm)	Momentum (x in mm)	Momentum (y in mm)	Momentum (z in mm)	Energy (MeV)	
0			0			0			-0.0134507			-0.0144122			0.999806			35	
# Primaries Generated:e-
# Position (x in mm)	Position (y in mm)	Position (z in mm)	Momentum (x in mm)	Momentum (y in mm)	Momentum (z in mm)	Energy (MeV)	
0			0			0			0.0248084			0.0265819			0.999339			35	
# Primaries Generated:e-
# Position (x in mm)	Position (y in mm)	Position (z in mm)	Momentum (x in mm)	Momentum (y in mm)	Momentum (z in mm)	Energy (MeV)	
0			0			0			-0.0133365			-0.0142899			0.999809			35	
# Primaries Generated:e-
# Position (x in mm)	Position (y in mm)	Position (z in mm)	Momentum (x in mm)	Momentum (y in mm)	Momentum (z in mm)	Energy (MeV)	
0			0			0			-0.00895485			-0.00959502			0.999914			35	
# Primaries Generated:e-
# Position (x in mm)	Position (y in mm)	Position (z in mm)	Momentum (x in mm)	Momentum (y in mm)	Momentum (z in mm)	Energy (MeV)	
0			0			0			-0.00174787			-0.00187283			0.999997			35	
# Primaries Generated:e-
# Position (x in mm)	Position (y in mm)	Position (z in mm)	Momentum (x in mm)	Momentum (y in mm)	Momentum (z in mm)	Energy (MeV)	
0			0			0			0.00992923			0.0106391			0.999894			35	
# Primaries Generated:e-
# Position (x in mm)	Position (y in mm)	Position (z in mm)	Momentum (x in mm)	Momentum (y in mm)	Momentum (z in mm)	Energy (MeV)	
0			0			0			0.00240256			0.00257432			0.999994			35	
# Primaries Generated:e-
# Position (x in mm)	Position (y in mm)	Position (z in mm)	Momentum (x in mm)	Momentum (y in mm)	Momentum (z in mm)	Energy (MeV)	
0			0			0			-0.00474659			-0.00508592			0.999976			35	
# Primaries Generated:e-
# Position (x in mm)	Position (y in mm)	Position (z in mm)	Momentum (x in mm)	Momentum (y in mm)	Momentum (z in mm)	Energy (MeV)	
0			0			0			0.0147406			0.0157944			0.999767			35	
# Primaries Generated:e-
# Position (x in mm)	Position (y in mm)	Position (z in mm)	Momentum (x in mm)	Momentum (y in mm)	Momentum (z in mm)	Energy (MeV)	
0			0			0			-0.0206127			-0.0220863			0.999544			35	
# Primaries Generated:e-
# Position (x in mm)	Position (y in mm)	Position (z in mm)	Momentum (x in mm)	Momentum (y in mm)	Momentum (z in mm)	Energy (MeV)	
0			0			0			-0.000867829			-0.000929869			0.999999			35	
# Primaries Generated:e-
# Position (x in mm)	Position (y in mm)	Position (z in mm)	Momentum (x in mm)	Momentum (y in mm)	Momentum (z in mm)	Energy (MeV)	
0			0			0			0.00334013			0.00357891			0.999988			35	
# Primaries Generated:e-
# Position (x in mm)	Position (y in mm)	Position (z in mm)	Momentum (x in mm)	Momentum (y in mm)	Momentum (z in mm)	Energy (MeV)	
0			0			0			0.0209316			0.022428			0.999529			35	
# Primaries Generated:e-
# Position (x in mm)	Position (y in mm)	Position (z in mm)	Momentum (x in mm)	Momentum (y in mm)	Momentum (z in mm)	Energy (MeV)	
0			0			0			0.0110528			0.0118429			0.999869			35	
# Primaries Generated:e-
# Position (x in mm)	Position (y in mm)	Position (z in mm)	Momentum (x in mm)	Momentum (y in mm)	Momentum (z in mm)	Energy (MeV)	
0			0			0			0.0182382			0.0195421			0.999643			35	
# Primaries Generated:e-
# Position (x in mm)	Position (y in mm)	Position (z in mm)	Momentum (x in mm)	Momentum (y in mm)	Momentum (z in mm)	Energy (MeV)	
0			0			0			-0.0121718			-0.013042			0.999841			35	
# Primaries Generated:e-
# Position (x in mm)	Position (y in mm)	Position (z in mm)	Momentum (x in mm)	Momentum (y in mm)	Momentum (z in mm)	Energy (MeV)	
0			0			0			-0.0022569			-0.00241824			0.999995			35	
# Primaries Generated:e-
# Position (x in mm)	Position (y in mm)	Position (z in mm)	Momentum (x in mm)	Momentum (y in mm)	Momentum (z in mm)	Energy (MeV)	
0			0			0			-0.0077967			-0.00835408			0.999935			35	
# Primaries Generated:e-
# Position (x in mm)	Position (y in mm)	Position (z in mm)	Momentum (x in mm)	Momentum (y in mm)	Momentum (z in mm)	Energy (MeV)	
0			0			0			-0.000301604			-0.000323165			1			35	
